<?xml version="1.0" encoding="UTF-8"?>
<testng-results skipped="0" failed="0" ignored="0" total="1" passed="1">
  <reporter-output>
    <line>
      <![CDATA[opened the browser -Chrome]]>
    </line>
    <line>
      <![CDATA[opened the URL -https://www.amazon.in]]>
    </line>
    <line>
      <![CDATA[Entered the text - Mobiles With using locator - twotabsearchtextbox]]>
    </line>
    <line>
      <![CDATA[Clicked the Amazon Search button with using locator -//input[@value='Go']]]>
    </line>
  </reporter-output>
  <suite name="Default suite" duration-ms="68962" started-at="2019-01-08T16:27:54Z" finished-at="2019-01-08T16:29:03Z">
    <groups>
    </groups>
    <test name="Default test" duration-ms="68962" started-at="2019-01-08T16:27:54Z" finished-at="2019-01-08T16:29:03Z">
      <class name="TestPackage.DemoProject.TC001">
        <test-method status="PASS" signature="f()[pri:0, instance:TestPackage.DemoProject.TC001@612679d6]" name="f" duration-ms="68888" started-at="2019-01-08T16:27:54Z" finished-at="2019-01-08T16:29:03Z">
          <reporter-output>
            <line>
              <![CDATA[opened the browser -Chrome]]>
            </line>
            <line>
              <![CDATA[opened the URL -https://www.amazon.in]]>
            </line>
            <line>
              <![CDATA[Entered the text - Mobiles With using locator - twotabsearchtextbox]]>
            </line>
            <line>
              <![CDATA[Clicked the Amazon Search button with using locator -//input[@value='Go']]]>
            </line>
          </reporter-output>
        </test-method> <!-- f -->
      </class> <!-- TestPackage.DemoProject.TC001 -->
    </test> <!-- Default test -->
  </suite> <!-- Default suite -->
</testng-results>
